<?xml version="1.0" encoding="UTF-8"?>
<testsuites>
  <testsuite name="D:\project-interview\laravel\klaim-lob\phpunit.xml" tests="29" assertions="72" errors="0" failures="0" skipped="0" time="3.847771">
    <testsuite name="Unit" tests="1" assertions="1" errors="0" failures="0" skipped="0" time="0.126053">
      <testsuite name="Tests\Unit\ExampleTest" file="D:\project-interview\laravel\klaim-lob\tests\Unit\ExampleTest.php" tests="1" assertions="1" errors="0" failures="0" skipped="0" time="0.126053">
        <testcase name="test_that_true_is_true" file="D:\project-interview\laravel\klaim-lob\tests\Unit\ExampleTest.php" line="12" class="Tests\Unit\ExampleTest" classname="Tests.Unit.ExampleTest" assertions="1" time="0.126053"/>
      </testsuite>
    </testsuite>
    <testsuite name="Feature" tests="28" assertions="71" errors="0" failures="0" skipped="0" time="3.721717">
      <testsuite name="Tests\Feature\Auth\AuthenticationTest" file="D:\project-interview\laravel\klaim-lob\tests\Feature\Auth\AuthenticationTest.php" tests="4" assertions="8" errors="0" failures="0" skipped="0" time="1.343924">
        <testcase name="test_login_screen_can_be_rendered" file="D:\project-interview\laravel\klaim-lob\tests\Feature\Auth\AuthenticationTest.php" line="14" class="Tests\Feature\Auth\AuthenticationTest" classname="Tests.Feature.Auth.AuthenticationTest" assertions="1" time="0.834338"/>
        <testcase name="test_users_can_authenticate_using_the_login_screen" file="D:\project-interview\laravel\klaim-lob\tests\Feature\Auth\AuthenticationTest.php" line="21" class="Tests\Feature\Auth\AuthenticationTest" classname="Tests.Feature.Auth.AuthenticationTest" assertions="3" time="0.154174"/>
        <testcase name="test_users_can_not_authenticate_with_invalid_password" file="D:\project-interview\laravel\klaim-lob\tests\Feature\Auth\AuthenticationTest.php" line="34" class="Tests\Feature\Auth\AuthenticationTest" classname="Tests.Feature.Auth.AuthenticationTest" assertions="1" time="0.271073"/>
        <testcase name="test_users_can_logout" file="D:\project-interview\laravel\klaim-lob\tests\Feature\Auth\AuthenticationTest.php" line="46" class="Tests\Feature\Auth\AuthenticationTest" classname="Tests.Feature.Auth.AuthenticationTest" assertions="3" time="0.084339"/>
      </testsuite>
      <testsuite name="Tests\Feature\Auth\EmailVerificationTest" file="D:\project-interview\laravel\klaim-lob\tests\Feature\Auth\EmailVerificationTest.php" tests="3" assertions="6" errors="0" failures="0" skipped="0" time="0.304416">
        <testcase name="test_email_verification_screen_can_be_rendered" file="D:\project-interview\laravel\klaim-lob\tests\Feature\Auth\EmailVerificationTest.php" line="17" class="Tests\Feature\Auth\EmailVerificationTest" classname="Tests.Feature.Auth.EmailVerificationTest" assertions="1" time="0.092990"/>
        <testcase name="test_email_can_be_verified" file="D:\project-interview\laravel\klaim-lob\tests\Feature\Auth\EmailVerificationTest.php" line="28" class="Tests\Feature\Auth\EmailVerificationTest" classname="Tests.Feature.Auth.EmailVerificationTest" assertions="4" time="0.098155"/>
        <testcase name="test_email_is_not_verified_with_invalid_hash" file="D:\project-interview\laravel\klaim-lob\tests\Feature\Auth\EmailVerificationTest.php" line="49" class="Tests\Feature\Auth\EmailVerificationTest" classname="Tests.Feature.Auth.EmailVerificationTest" assertions="1" time="0.113271"/>
      </testsuite>
      <testsuite name="Tests\Feature\Auth\PasswordConfirmationTest" file="D:\project-interview\laravel\klaim-lob\tests\Feature\Auth\PasswordConfirmationTest.php" tests="3" assertions="4" errors="0" failures="0" skipped="0" time="0.426046">
        <testcase name="test_confirm_password_screen_can_be_rendered" file="D:\project-interview\laravel\klaim-lob\tests\Feature\Auth\PasswordConfirmationTest.php" line="13" class="Tests\Feature\Auth\PasswordConfirmationTest" classname="Tests.Feature.Auth.PasswordConfirmationTest" assertions="1" time="0.085264"/>
        <testcase name="test_password_can_be_confirmed" file="D:\project-interview\laravel\klaim-lob\tests\Feature\Auth\PasswordConfirmationTest.php" line="22" class="Tests\Feature\Auth\PasswordConfirmationTest" classname="Tests.Feature.Auth.PasswordConfirmationTest" assertions="2" time="0.071558"/>
        <testcase name="test_password_is_not_confirmed_with_invalid_password" file="D:\project-interview\laravel\klaim-lob\tests\Feature\Auth\PasswordConfirmationTest.php" line="34" class="Tests\Feature\Auth\PasswordConfirmationTest" classname="Tests.Feature.Auth.PasswordConfirmationTest" assertions="1" time="0.269224"/>
      </testsuite>
      <testsuite name="Tests\Feature\Auth\PasswordResetTest" file="D:\project-interview\laravel\klaim-lob\tests\Feature\Auth\PasswordResetTest.php" tests="4" assertions="8" errors="0" failures="0" skipped="0" time="0.414576">
        <testcase name="test_reset_password_link_screen_can_be_rendered" file="D:\project-interview\laravel\klaim-lob\tests\Feature\Auth\PasswordResetTest.php" line="15" class="Tests\Feature\Auth\PasswordResetTest" classname="Tests.Feature.Auth.PasswordResetTest" assertions="1" time="0.096944"/>
        <testcase name="test_reset_password_link_can_be_requested" file="D:\project-interview\laravel\klaim-lob\tests\Feature\Auth\PasswordResetTest.php" line="22" class="Tests\Feature\Auth\PasswordResetTest" classname="Tests.Feature.Auth.PasswordResetTest" assertions="1" time="0.106889"/>
        <testcase name="test_reset_password_screen_can_be_rendered" file="D:\project-interview\laravel\klaim-lob\tests\Feature\Auth\PasswordResetTest.php" line="33" class="Tests\Feature\Auth\PasswordResetTest" classname="Tests.Feature.Auth.PasswordResetTest" assertions="2" time="0.102545"/>
        <testcase name="test_password_can_be_reset_with_valid_token" file="D:\project-interview\laravel\klaim-lob\tests\Feature\Auth\PasswordResetTest.php" line="50" class="Tests\Feature\Auth\PasswordResetTest" classname="Tests.Feature.Auth.PasswordResetTest" assertions="4" time="0.108198"/>
      </testsuite>
      <testsuite name="Tests\Feature\Auth\PasswordUpdateTest" file="D:\project-interview\laravel\klaim-lob\tests\Feature\Auth\PasswordUpdateTest.php" tests="2" assertions="8" errors="0" failures="0" skipped="0" time="0.186717">
        <testcase name="test_password_can_be_updated" file="D:\project-interview\laravel\klaim-lob\tests\Feature\Auth\PasswordUpdateTest.php" line="14" class="Tests\Feature\Auth\PasswordUpdateTest" classname="Tests.Feature.Auth.PasswordUpdateTest" assertions="4" time="0.104610"/>
        <testcase name="test_correct_password_must_be_provided_to_update_password" file="D:\project-interview\laravel\klaim-lob\tests\Feature\Auth\PasswordUpdateTest.php" line="34" class="Tests\Feature\Auth\PasswordUpdateTest" classname="Tests.Feature.Auth.PasswordUpdateTest" assertions="4" time="0.082107"/>
      </testsuite>
      <testsuite name="Tests\Feature\Auth\RegistrationTest" file="D:\project-interview\laravel\klaim-lob\tests\Feature\Auth\RegistrationTest.php" tests="2" assertions="4" errors="0" failures="0" skipped="0" time="0.183211">
        <testcase name="test_registration_screen_can_be_rendered" file="D:\project-interview\laravel\klaim-lob\tests\Feature\Auth\RegistrationTest.php" line="13" class="Tests\Feature\Auth\RegistrationTest" classname="Tests.Feature.Auth.RegistrationTest" assertions="1" time="0.103145"/>
        <testcase name="test_new_users_can_register" file="D:\project-interview\laravel\klaim-lob\tests\Feature\Auth\RegistrationTest.php" line="20" class="Tests\Feature\Auth\RegistrationTest" classname="Tests.Feature.Auth.RegistrationTest" assertions="3" time="0.080066"/>
      </testsuite>
      <testsuite name="Tests\Feature\ExampleTest" file="D:\project-interview\laravel\klaim-lob\tests\Feature\ExampleTest.php" tests="1" assertions="1" errors="0" failures="0" skipped="0" time="0.056909">
        <testcase name="test_the_application_returns_a_successful_response" file="D:\project-interview\laravel\klaim-lob\tests\Feature\ExampleTest.php" line="13" class="Tests\Feature\ExampleTest" classname="Tests.Feature.ExampleTest" assertions="1" time="0.056909"/>
      </testsuite>
      <testsuite name="Tests\Feature\KlaimControllerTest" file="D:\project-interview\laravel\klaim-lob\tests\Feature\KlaimControllerTest.php" tests="4" assertions="11" errors="0" failures="0" skipped="0" time="0.330863">
        <testcase name="test_index_returns_correct_grouped_data" file="D:\project-interview\laravel\klaim-lob\tests\Feature\KlaimControllerTest.php" line="22" class="Tests\Feature\KlaimControllerTest" classname="Tests.Feature.KlaimControllerTest" assertions="6" time="0.102295"/>
        <testcase name="test_index_returns_no_data_when_no_klaim_exists" file="D:\project-interview\laravel\klaim-lob\tests\Feature\KlaimControllerTest.php" line="66" class="Tests\Feature\KlaimControllerTest" classname="Tests.Feature.KlaimControllerTest" assertions="1" time="0.048192"/>
        <testcase name="testCanSendKlaimDataToApi" file="D:\project-interview\laravel\klaim-lob\tests\Feature\KlaimControllerTest.php" line="84" class="Tests\Feature\KlaimControllerTest" classname="Tests.Feature.KlaimControllerTest" assertions="2" time="0.114866"/>
        <testcase name="test_cannot_send_klaim_data_if_no_data_exists" file="D:\project-interview\laravel\klaim-lob\tests\Feature\KlaimControllerTest.php" line="126" class="Tests\Feature\KlaimControllerTest" classname="Tests.Feature.KlaimControllerTest" assertions="2" time="0.065509"/>
      </testsuite>
      <testsuite name="Tests\Feature\ProfileTest" file="D:\project-interview\laravel\klaim-lob\tests\Feature\ProfileTest.php" tests="5" assertions="21" errors="0" failures="0" skipped="0" time="0.475055">
        <testcase name="test_profile_page_is_displayed" file="D:\project-interview\laravel\klaim-lob\tests\Feature\ProfileTest.php" line="13" class="Tests\Feature\ProfileTest" classname="Tests.Feature.ProfileTest" assertions="1" time="0.154285"/>
        <testcase name="test_profile_information_can_be_updated" file="D:\project-interview\laravel\klaim-lob\tests\Feature\ProfileTest.php" line="24" class="Tests\Feature\ProfileTest" classname="Tests.Feature.ProfileTest" assertions="6" time="0.088210"/>
        <testcase name="test_email_verification_status_is_unchanged_when_the_email_address_is_unchanged" file="D:\project-interview\laravel\klaim-lob\tests\Feature\ProfileTest.php" line="46" class="Tests\Feature\ProfileTest" classname="Tests.Feature.ProfileTest" assertions="4" time="0.082867"/>
        <testcase name="test_user_can_delete_their_account" file="D:\project-interview\laravel\klaim-lob\tests\Feature\ProfileTest.php" line="64" class="Tests\Feature\ProfileTest" classname="Tests.Feature.ProfileTest" assertions="5" time="0.074610"/>
        <testcase name="test_correct_password_must_be_provided_to_delete_account" file="D:\project-interview\laravel\klaim-lob\tests\Feature\ProfileTest.php" line="82" class="Tests\Feature\ProfileTest" classname="Tests.Feature.ProfileTest" assertions="5" time="0.075083"/>
      </testsuite>
    </testsuite>
  </testsuite>
</testsuites>
